
ROM used:   4610/32768 (14%)
            4610/32768 (14%) including unused fragments

            2.9 Average locations per line
            16.7 Average locations per statement

RAM used:   55/2048 (3%) at main() level
            92/2048 (4%) worst case

Stack used: 13 worst case (6 in main + 7 for interrupts)
Stack size: 31

Lines Stmts  %   Files
----- ----- ---  -----
  274   192  70  Probador184550.c
  852     0   0  ..\..\..\..\..\..\Program Files (x86)\PICC\Devices\18f4550.h
  456    84  30  ..\..\..\..\..\..\Program Files (x86)\PICC\Drivers\lcd.c
----- -----
 1582   276 Total

Page ROM  %  RAM    Vol Diff  Functions:
---- --- --- ---    --- ----  ----------
0     40   0    1             @delay_ms1
0     60   1    3    596  5.9  lcd_read_byte
0     12   0    0     59  4.2  lcd_read_nibble
0     24   0    1    179  3.3  lcd_send_nibble
0     58   1    3    460  4.7  lcd_send_byte
0    188   2    6    814  7.2  lcd_init
0     34   0    4    208  6.3  lcd_gotoxy
0     80   1    1    354  4.7  lcd_putc
0     12   0    0     43  1.8  pulsos
0     54   1    0    290  3.6  tiempo_final_555
0      8   0    0   5802  6.0  @const716
0     32   0    2             @PSTRINGC_695
0     54   1    0    193  2.6  Boton
0   2196  24   13   6060  6.0  MAIN
0     16   0    0             @const727
0     16   0    0             @const728
0     56   1    2             @ITOF
0    242   3   11             @MULFF
0     18   0    0             @const738
0     16   0    0             @const739
0     42   0    3             @PSTRINGCN_695
0     64   1    5             @FTOSD
0    142   2   13             @DIV3232
0    426   5   13             @PRINTF_L32D_695FPFPF
0     16   0    0             @const751
0     18   0    0             @const752
0     16   0    0             @const754
0     10   0    0             @const755
0      8   0    0             @const757
0     40   0    3             @DIV88
0    218   2    6             @PRINTF_D_695
0     10   0    0             @const764
0     10   0    0             @const766
0     10   0    0             @const767
0     16   0    0             @const769
0     18   0    0             @const771
0     10   0    0             @const772
0     16   0    0             @const774
0     16   0    0             @const776
0     10   0    0             @const777
0     16   0    0             @const779
0     18   0    0             @const781
0     18   0    0             @const782
0     18   0    0             @const784
0     10   0    0             @const785
0     16   0    0             @const787
 Inline         0             @cinit1

Program metrics:
    Functions               12
    Statements              276
    Comments                332
    Volume (V)              20201
    Difficulty (D)          52.2
    Effort to implement (E) 1054956
    Time to implement (T)   16 hours, 17 minutes
    Est Delivered Bugs (B)  3
    Cyclomatic Complexity   49
    Maintainability (MI)    128

 Segment     Used  Free
-----------  ----  ----
00000-00002     4  0  
00004-00006     0  4  
00008-000B8   178  0  
000BA-07FFE  4428  28154  



